<?xml version="1.0" encoding="UTF-8"?>
<!-- Generated by org.testng.reporters.JUnitXMLReporter -->
<testsuite ignored="0" hostname="DESKTOP-1V9PIPH" failures="3" tests="12" name="Default test" time="263.466" errors="0" timestamp="20 Sep 2018 08:47:35 GMT">
  <testcase classname="screen.FeedScreen" name="verifyFeedScreenIsDisplayed" time="2.103"/>
  <testcase classname="screen.FeedScreen" name="verifyBlackTipsPanelIsDisplayedWhenTapOnPostLabelAtTheFirstTime" time="10.478">
    <failure type="java.lang.Exception" message="Error! Element not found!!!">
      <![CDATA[java.lang.Exception: Error! Element not found!!!
at common.ApplicationHelper.checkElementIsDisplayed(ApplicationHelper.java:135)
at screen.FeedScreen$Screen.verifyBlackTipsPanelIsDisplayed(FeedScreen.java:349)
at screen.FeedScreen.verifyBlackTipsPanelIsDisplayedWhenTapOnPostLabelAtTheFirstTime(FeedScreen.java:59)
at java.base/jdk.internal.reflect.NativeMethodAccessorImpl.invoke0(Native Method)
at java.base/jdk.internal.reflect.NativeMethodAccessorImpl.invoke(Unknown Source)
at java.base/jdk.internal.reflect.DelegatingMethodAccessorImpl.invoke(Unknown Source)
at java.base/java.lang.reflect.Method.invoke(Unknown Source)
at org.testng.internal.MethodInvocationHelper.invokeMethod(MethodInvocationHelper.java:124)
at org.testng.internal.Invoker.invokeMethod(Invoker.java:583)
at org.testng.internal.Invoker.invokeTestMethod(Invoker.java:719)
at org.testng.internal.Invoker.invokeTestMethods(Invoker.java:989)
at org.testng.internal.TestMethodWorker.invokeTestMethods(TestMethodWorker.java:125)
at org.testng.internal.TestMethodWorker.run(TestMethodWorker.java:109)
at org.testng.TestRunner.privateRun(TestRunner.java:648)
at org.testng.TestRunner.run(TestRunner.java:505)
at org.testng.SuiteRunner.runTest(SuiteRunner.java:455)
at org.testng.SuiteRunner.runSequentially(SuiteRunner.java:450)
at org.testng.SuiteRunner.privateRun(SuiteRunner.java:415)
at org.testng.SuiteRunner.run(SuiteRunner.java:364)
at org.testng.SuiteRunnerWorker.runSuite(SuiteRunnerWorker.java:52)
at org.testng.SuiteRunnerWorker.run(SuiteRunnerWorker.java:84)
at org.testng.TestNG.runSuitesSequentially(TestNG.java:1208)
at org.testng.TestNG.runSuitesLocally(TestNG.java:1137)
at org.testng.TestNG.runSuites(TestNG.java:1049)
at org.testng.TestNG.run(TestNG.java:1017)
at org.testng.remote.AbstractRemoteTestNG.run(AbstractRemoteTestNG.java:114)
at org.testng.remote.RemoteTestNG.initAndRun(RemoteTestNG.java:251)
at org.testng.remote.RemoteTestNG.main(RemoteTestNG.java:77)
Caused by: java.lang.NullPointerException
at common.ApplicationHelper.checkElementIsDisplayed(ApplicationHelper.java:132)
... 27 more
]]>
    </failure>
  </testcase> <!-- verifyBlackTipsPanelIsDisplayedWhenTapOnPostLabelAtTheFirstTime -->
  <testcase classname="screen.FeedScreen" name="verifyBlackTipsPanelIsDisplayedWhenAtTheSecondTime" time="10.733">
    <failure type="java.lang.Exception" message="Error! This element is not enable!!!">
      <![CDATA[java.lang.Exception: Error! This element is not enable!!!
at common.ApplicationHelper.checkElementIsEnable(ApplicationHelper.java:153)
at common.ApplicationHelper.tapButton(ApplicationHelper.java:177)
at common.FeedHelper.closeBlackTipsBox(FeedHelper.java:158)
at screen.FeedScreen$Screen.closeBlackTipsBox(FeedScreen.java:197)
at screen.FeedScreen.verifyBlackTipsPanelIsDisplayedWhenAtTheSecondTime(FeedScreen.java:70)
at java.base/jdk.internal.reflect.NativeMethodAccessorImpl.invoke0(Native Method)
at java.base/jdk.internal.reflect.NativeMethodAccessorImpl.invoke(Unknown Source)
at java.base/jdk.internal.reflect.DelegatingMethodAccessorImpl.invoke(Unknown Source)
at java.base/java.lang.reflect.Method.invoke(Unknown Source)
at org.testng.internal.MethodInvocationHelper.invokeMethod(MethodInvocationHelper.java:124)
at org.testng.internal.Invoker.invokeMethod(Invoker.java:583)
at org.testng.internal.Invoker.invokeTestMethod(Invoker.java:719)
at org.testng.internal.Invoker.invokeTestMethods(Invoker.java:989)
at org.testng.internal.TestMethodWorker.invokeTestMethods(TestMethodWorker.java:125)
at org.testng.internal.TestMethodWorker.run(TestMethodWorker.java:109)
at org.testng.TestRunner.privateRun(TestRunner.java:648)
at org.testng.TestRunner.run(TestRunner.java:505)
at org.testng.SuiteRunner.runTest(SuiteRunner.java:455)
at org.testng.SuiteRunner.runSequentially(SuiteRunner.java:450)
at org.testng.SuiteRunner.privateRun(SuiteRunner.java:415)
at org.testng.SuiteRunner.run(SuiteRunner.java:364)
at org.testng.SuiteRunnerWorker.runSuite(SuiteRunnerWorker.java:52)
at org.testng.SuiteRunnerWorker.run(SuiteRunnerWorker.java:84)
at org.testng.TestNG.runSuitesSequentially(TestNG.java:1208)
at org.testng.TestNG.runSuitesLocally(TestNG.java:1137)
at org.testng.TestNG.runSuites(TestNG.java:1049)
at org.testng.TestNG.run(TestNG.java:1017)
at org.testng.remote.AbstractRemoteTestNG.run(AbstractRemoteTestNG.java:114)
at org.testng.remote.RemoteTestNG.initAndRun(RemoteTestNG.java:251)
at org.testng.remote.RemoteTestNG.main(RemoteTestNG.java:77)
Caused by: java.lang.NullPointerException
at common.ApplicationHelper.checkElementIsEnable(ApplicationHelper.java:150)
... 29 more
]]>
    </failure>
  </testcase> <!-- verifyBlackTipsPanelIsDisplayedWhenAtTheSecondTime -->
  <testcase classname="screen.FeedScreen" name="verifyBlackTipsPanelNotDisplayedAfterCheckedDontShowAgain" time="13.689">
    <failure type="java.lang.Exception" message="Error! This element is not enable!!!">
      <![CDATA[java.lang.Exception: Error! This element is not enable!!!
at common.ApplicationHelper.checkElementIsEnable(ApplicationHelper.java:153)
at common.ApplicationHelper.tapButton(ApplicationHelper.java:177)
at common.FeedHelper.checkDontShowAgain(FeedHelper.java:152)
at screen.FeedScreen$Screen.checkDontShowAgain(FeedScreen.java:345)
at screen.FeedScreen.verifyBlackTipsPanelNotDisplayedAfterCheckedDontShowAgain(FeedScreen.java:84)
at java.base/jdk.internal.reflect.NativeMethodAccessorImpl.invoke0(Native Method)
at java.base/jdk.internal.reflect.NativeMethodAccessorImpl.invoke(Unknown Source)
at java.base/jdk.internal.reflect.DelegatingMethodAccessorImpl.invoke(Unknown Source)
at java.base/java.lang.reflect.Method.invoke(Unknown Source)
at org.testng.internal.MethodInvocationHelper.invokeMethod(MethodInvocationHelper.java:124)
at org.testng.internal.Invoker.invokeMethod(Invoker.java:583)
at org.testng.internal.Invoker.invokeTestMethod(Invoker.java:719)
at org.testng.internal.Invoker.invokeTestMethods(Invoker.java:989)
at org.testng.internal.TestMethodWorker.invokeTestMethods(TestMethodWorker.java:125)
at org.testng.internal.TestMethodWorker.run(TestMethodWorker.java:109)
at org.testng.TestRunner.privateRun(TestRunner.java:648)
at org.testng.TestRunner.run(TestRunner.java:505)
at org.testng.SuiteRunner.runTest(SuiteRunner.java:455)
at org.testng.SuiteRunner.runSequentially(SuiteRunner.java:450)
at org.testng.SuiteRunner.privateRun(SuiteRunner.java:415)
at org.testng.SuiteRunner.run(SuiteRunner.java:364)
at org.testng.SuiteRunnerWorker.runSuite(SuiteRunnerWorker.java:52)
at org.testng.SuiteRunnerWorker.run(SuiteRunnerWorker.java:84)
at org.testng.TestNG.runSuitesSequentially(TestNG.java:1208)
at org.testng.TestNG.runSuitesLocally(TestNG.java:1137)
at org.testng.TestNG.runSuites(TestNG.java:1049)
at org.testng.TestNG.run(TestNG.java:1017)
at org.testng.remote.AbstractRemoteTestNG.run(AbstractRemoteTestNG.java:114)
at org.testng.remote.RemoteTestNG.initAndRun(RemoteTestNG.java:251)
at org.testng.remote.RemoteTestNG.main(RemoteTestNG.java:77)
Caused by: java.lang.NullPointerException
at common.ApplicationHelper.checkElementIsEnable(ApplicationHelper.java:150)
... 29 more
]]>
    </failure>
  </testcase> <!-- verifyBlackTipsPanelNotDisplayedAfterCheckedDontShowAgain -->
  <testcase classname="screen.FeedScreen" name="verifyInputStatusPanelIsDisplayeAfterCheckDontShowAgain" time="8.084"/>
  <testcase classname="screen.FeedScreen" name="verifyPostButtonIsDisableWWithEmptyContent" time="10.075"/>
  <testcase classname="screen.FeedScreen" name="postStatus" time="27.225"/>
  <testcase classname="screen.FeedScreen" name="likePost" time="2.667"/>
  <testcase classname="screen.FeedScreen" name="unLikePost" time="2.501"/>
  <testcase classname="screen.FeedScreen" name="commentPost" time="16.318"/>
  <testcase classname="screen.FeedScreen" name="postPicture" time="25.701"/>
  <testcase classname="screen.FeedScreen" name="postVideo" time="75.901"/>
</testsuite> <!-- Default test -->
